d:\dev\ansel\bin\debug-x64\game\vc141.pdb
d:\dev\ansel\bin\debug-x64\game\vc141.idb
d:\dev\ansel\bin\debug-x64\game\terrain.obj
d:\dev\ansel\bin\debug-x64\game\mainscreen.obj
d:\dev\ansel\bin\debug-x64\game\main.obj
d:\dev\ansel\bin\debug-x64\game\game.pdb
d:\dev\ansel\bin\debug-x64\game\game.tlog\cl.command.1.tlog
d:\dev\ansel\bin\debug-x64\game\game.tlog\cl.read.1.tlog
d:\dev\ansel\bin\debug-x64\game\game.tlog\cl.write.1.tlog
d:\dev\ansel\bin\debug-x64\game\game.tlog\link-cvtres.read.1.tlog
d:\dev\ansel\bin\debug-x64\game\game.tlog\link-cvtres.write.1.tlog
d:\dev\ansel\bin\debug-x64\game\game.tlog\link-rc.read.1.tlog
d:\dev\ansel\bin\debug-x64\game\game.tlog\link-rc.write.1.tlog
d:\dev\ansel\bin\debug-x64\game\game.tlog\link.156124-cvtres.read.1.tlog
d:\dev\ansel\bin\debug-x64\game\game.tlog\link.156124-cvtres.write.1.tlog
d:\dev\ansel\bin\debug-x64\game\game.tlog\link.156124-rc.read.1.tlog
d:\dev\ansel\bin\debug-x64\game\game.tlog\link.156124-rc.write.1.tlog
d:\dev\ansel\bin\debug-x64\game\game.tlog\link.156124.read.1.tlog
d:\dev\ansel\bin\debug-x64\game\game.tlog\link.156124.write.1.tlog
d:\dev\ansel\bin\debug-x64\game\game.tlog\link.command.1.tlog
d:\dev\ansel\bin\debug-x64\game\game.tlog\link.read.1.tlog
d:\dev\ansel\bin\debug-x64\game\game.tlog\link.write.1.tlog
