c:\users\maxo_\desktop\ansel-master\bin\release-x64\ansel\ansel.lib
c:\users\maxo_\desktop\ansel-master\bin\release-x64\ansel\ansel.exp
c:\users\maxo_\desktop\ansel-master\bin\release-x64\ansel\ansel.ipdb
c:\users\maxo_\desktop\ansel-master\bin\release-x64\ansel\ansel.iobj
c:\users\maxo_\desktop\ansel-master\bin-int\release-x64\ansel\vc141.pdb
c:\users\maxo_\desktop\ansel-master\bin-int\release-x64\ansel\window.obj
c:\users\maxo_\desktop\ansel-master\bin-int\release-x64\ansel\stb_image.obj
c:\users\maxo_\desktop\ansel-master\bin-int\release-x64\ansel\simplexnoise.obj
c:\users\maxo_\desktop\ansel-master\bin-int\release-x64\ansel\texture.obj
c:\users\maxo_\desktop\ansel-master\bin-int\release-x64\ansel\shader.obj
c:\users\maxo_\desktop\ansel-master\bin-int\release-x64\ansel\screen.obj
c:\users\maxo_\desktop\ansel-master\bin-int\release-x64\ansel\renderer.obj
c:\users\maxo_\desktop\ansel-master\bin-int\release-x64\ansel\rawmodel.obj
c:\users\maxo_\desktop\ansel-master\bin-int\release-x64\ansel\mouse.obj
c:\users\maxo_\desktop\ansel-master\bin-int\release-x64\ansel\model.obj
c:\users\maxo_\desktop\ansel-master\bin-int\release-x64\ansel\loader.obj
c:\users\maxo_\desktop\ansel-master\bin-int\release-x64\ansel\keyboard.obj
c:\users\maxo_\desktop\ansel-master\bin-int\release-x64\ansel\engine.obj
c:\users\maxo_\desktop\ansel-master\bin-int\release-x64\ansel\camera.obj
c:\users\maxo_\desktop\ansel-master\bin\release-x64\ansel\ansel.dll
c:\users\maxo_\desktop\ansel-master\bin\release-x64\ansel\ansel.pdb
c:\users\maxo_\desktop\ansel-master\bin-int\release-x64\ansel\ansel.tlog\ansel.write.1u.tlog
c:\users\maxo_\desktop\ansel-master\bin-int\release-x64\ansel\ansel.tlog\cl.command.1.tlog
c:\users\maxo_\desktop\ansel-master\bin-int\release-x64\ansel\ansel.tlog\cl.read.1.tlog
c:\users\maxo_\desktop\ansel-master\bin-int\release-x64\ansel\ansel.tlog\cl.write.1.tlog
c:\users\maxo_\desktop\ansel-master\bin-int\release-x64\ansel\ansel.tlog\link.command.1.tlog
c:\users\maxo_\desktop\ansel-master\bin-int\release-x64\ansel\ansel.tlog\link.delete.1.tlog
c:\users\maxo_\desktop\ansel-master\bin-int\release-x64\ansel\ansel.tlog\link.read.1.tlog
c:\users\maxo_\desktop\ansel-master\bin-int\release-x64\ansel\ansel.tlog\link.write.1.tlog
