  DemoScreen.cpp
d:\dev\ansel\ansel\src\headers\rendering\material.h(53): warning C4267: 'return': conversion from 'size_t' to 'unsigned int', possible loss of data
d:\dev\ansel\ansel\src\headers\entities\model.h(292): warning C4267: 'return': conversion from 'size_t' to 'unsigned int', possible loss of data
d:\dev\ansel\ansel\src\headers\window.h(15): warning C4251: 'Ansel::Window::sTitle': class 'std::basic_string<char,std::char_traits<char>,std::allocator<char>>' needs to have dll-interface to be used by clients of class 'Ansel::Window'
  c:\program files (x86)\microsoft visual studio\2017\community\vc\tools\msvc\14.16.27023\include\xstring(4373): note: see declaration of 'std::basic_string<char,std::char_traits<char>,std::allocator<char>>'
d:\dev\ansel\ansel\src\headers\entities\skybox.h(25): warning C4091: 'static ': ignored on left of 'Ansel::Skybox::Mover' when no variable is declared
d:\dev\ansel\game\src\demo1\source\demoscreen.cpp(77): warning C4838: conversion from 'T' to 'T' requires a narrowing conversion
          with
          [
              T=double
          ]
          and
          [
              T=float
          ]
d:\dev\ansel\game\src\demo1\source\demoscreen.cpp(77): warning C4244: 'initializing': conversion from 'T' to 'T', possible loss of data
          with
          [
              T=double
          ]
          and
          [
              T=float
          ]
  main.cpp
d:\dev\ansel\ansel\src\headers\rendering\material.h(53): warning C4267: 'return': conversion from 'size_t' to 'unsigned int', possible loss of data
d:\dev\ansel\ansel\src\headers\entities\model.h(292): warning C4267: 'return': conversion from 'size_t' to 'unsigned int', possible loss of data
d:\dev\ansel\ansel\src\headers\window.h(15): warning C4251: 'Ansel::Window::sTitle': class 'std::basic_string<char,std::char_traits<char>,std::allocator<char>>' needs to have dll-interface to be used by clients of class 'Ansel::Window'
  c:\program files (x86)\microsoft visual studio\2017\community\vc\tools\msvc\14.16.27023\include\xstring(4373): note: see declaration of 'std::basic_string<char,std::char_traits<char>,std::allocator<char>>'
d:\dev\ansel\ansel\src\headers\entities\skybox.h(25): warning C4091: 'static ': ignored on left of 'Ansel::Skybox::Mover' when no variable is declared
  Generating code
  1 of 777 functions ( 0.1%) were compiled, the rest were copied from previous compilation.
    0 functions were new in current compilation
    0 functions had inline decision re-evaluated but remain unchanged
  Finished generating code
  Game.vcxproj -> D:\dev\Ansel\bin\Release-x64\Game\Game.exe
