  Engine.cpp
c:\users\maxo_\desktop\ansel-master\ansel\src\headers\window.h(15): warning C4251: 'Ansel::Window::sTitle': class 'std::basic_string<char,std::char_traits<char>,std::allocator<char>>' needs to have dll-interface to be used by clients of class 'Ansel::Window'
  c:\program files (x86)\microsoft visual studio\2017\community\vc\tools\msvc\14.16.27023\include\xstring(4373): note: see declaration of 'std::basic_string<char,std::char_traits<char>,std::allocator<char>>'
c:\users\maxo_\desktop\ansel-master\extern\glfw-3.2.1\include\glfw\glfw3.h(789): warning C4099: 'GLFWwindow': type name first seen using 'class' now seen using 'struct'
  c:\users\maxo_\desktop\ansel-master\ansel\src\headers\window.h(5): note: see declaration of 'GLFWwindow'
c:\users\maxo_\desktop\ansel-master\ansel\src\source\engine.cpp(90): warning C4244: 'return': conversion from 'double' to 'float', possible loss of data
  Loader.cpp
  Material.cpp
  Model.cpp
  ParticleSystem.cpp
c:\users\maxo_\desktop\ansel-master\ansel\src\headers\window.h(15): warning C4251: 'Ansel::Window::sTitle': class 'std::basic_string<char,std::char_traits<char>,std::allocator<char>>' needs to have dll-interface to be used by clients of class 'Ansel::Window'
  c:\program files (x86)\microsoft visual studio\2017\community\vc\tools\msvc\14.16.27023\include\xstring(4373): note: see declaration of 'std::basic_string<char,std::char_traits<char>,std::allocator<char>>'
c:\users\maxo_\desktop\ansel-master\ansel\src\source\particlesystem.cpp(24): warning C4018: '<': signed/unsigned mismatch
c:\users\maxo_\desktop\ansel-master\ansel\src\source\particlesystem.cpp(154): warning C4267: 'return': conversion from 'size_t' to 'unsigned int', possible loss of data
  RawModel.cpp
c:\users\maxo_\desktop\ansel-master\ansel\src\source\rawmodel.cpp(108): warning C4267: 'return': conversion from 'size_t' to 'int', possible loss of data
  Renderer.cpp
c:\users\maxo_\desktop\ansel-master\ansel\src\headers\window.h(15): warning C4251: 'Ansel::Window::sTitle': class 'std::basic_string<char,std::char_traits<char>,std::allocator<char>>' needs to have dll-interface to be used by clients of class 'Ansel::Window'
  c:\program files (x86)\microsoft visual studio\2017\community\vc\tools\msvc\14.16.27023\include\xstring(4373): note: see declaration of 'std::basic_string<char,std::char_traits<char>,std::allocator<char>>'
c:\users\maxo_\desktop\ansel-master\ansel\src\source\renderer.cpp(174): warning C4018: '<': signed/unsigned mismatch
c:\users\maxo_\desktop\ansel-master\ansel\src\source\renderer.cpp(279): warning C4267: 'argument': conversion from 'size_t' to 'GLsizei', possible loss of data
  StaticModelArray.cpp
  Generating Code...
c:\users\maxo_\desktop\ansel-master\ansel\src\source\staticmodelarray.cpp(43): warning C4715: 'Ansel::StaticModelArray::getTransformation': not all control paths return a value
  Ansel.vcxproj -> C:\Users\maxo_\Desktop\ansel-master\bin\Debug-x64\Ansel\Ansel.dll
          1 file(s) copied.
