d:\dev\ansel\bin\debug-x64\ansel\ansel.lib
d:\dev\ansel\bin\debug-x64\ansel\ansel.exp
d:\dev\ansel\bin-int\debug-x64\ansel\vc141.pdb
d:\dev\ansel\bin-int\debug-x64\ansel\vc141.idb
d:\dev\ansel\bin-int\debug-x64\ansel\window.obj
d:\dev\ansel\bin-int\debug-x64\ansel\simplexnoise.obj
d:\dev\ansel\bin-int\debug-x64\ansel\shader.obj
d:\dev\ansel\bin-int\debug-x64\ansel\screen.obj
d:\dev\ansel\bin-int\debug-x64\ansel\renderer.obj
d:\dev\ansel\bin-int\debug-x64\ansel\rawmodel.obj
d:\dev\ansel\bin-int\debug-x64\ansel\mouse.obj
d:\dev\ansel\bin-int\debug-x64\ansel\modelarray.obj
d:\dev\ansel\bin-int\debug-x64\ansel\model.obj
d:\dev\ansel\bin-int\debug-x64\ansel\loader.obj
d:\dev\ansel\bin-int\debug-x64\ansel\keyboard.obj
d:\dev\ansel\bin-int\debug-x64\ansel\engine.obj
d:\dev\ansel\bin-int\debug-x64\ansel\camera.obj
d:\dev\ansel\bin-int\debug-x64\ansel\util.obj
d:\dev\ansel\bin-int\debug-x64\ansel\math.obj
d:\dev\ansel\bin\debug-x64\ansel\ansel.dll
d:\dev\ansel\bin\debug-x64\ansel\ansel.ilk
d:\dev\ansel\bin\debug-x64\ansel\ansel.pdb
d:\dev\ansel\bin-int\debug-x64\ansel\ansel.tlog\ansel.write.1u.tlog
d:\dev\ansel\bin-int\debug-x64\ansel\ansel.tlog\cl.command.1.tlog
d:\dev\ansel\bin-int\debug-x64\ansel\ansel.tlog\cl.read.1.tlog
d:\dev\ansel\bin-int\debug-x64\ansel\ansel.tlog\cl.write.1.tlog
d:\dev\ansel\bin-int\debug-x64\ansel\ansel.tlog\link.173240.delete.1.tlog
d:\dev\ansel\bin-int\debug-x64\ansel\ansel.tlog\link.222252.delete.1.tlog
d:\dev\ansel\bin-int\debug-x64\ansel\ansel.tlog\link.64692.delete.1.tlog
d:\dev\ansel\bin-int\debug-x64\ansel\ansel.tlog\link.command.1.tlog
d:\dev\ansel\bin-int\debug-x64\ansel\ansel.tlog\link.read.1.tlog
d:\dev\ansel\bin-int\debug-x64\ansel\ansel.tlog\link.write.1.tlog
